GAS LISTING /tmp/ccpgbPZE.s 			page 1


   1              		.file	"print.cpp"
   2              		.option pic
   3              		.option norelax
   4              		.text
   5              	.Ltext0:
   6              		.align	2
   7              		.globl	_Z11printStringPKc
   9              	_Z11printStringPKc:
  10              	.LFB40:
  11              		.file 1 "src/print.cpp"
   1:src/print.cpp **** //
   2:src/print.cpp **** // Created by os on 5/17/24.
   3:src/print.cpp **** //
   4:src/print.cpp **** 
   5:src/print.cpp **** #include "../h/print.hpp"
   6:src/print.cpp **** 
   7:src/print.cpp **** 
   8:src/print.cpp **** void printString(char const *string){
  12              		.loc 1 8 37
  13              		.cfi_startproc
  14              	.LVL0:
  15 0000 130101FD 		addi	sp,sp,-48
  16              		.cfi_def_cfa_offset 48
  17 0004 23341102 		sd	ra,40(sp)
  18 0008 23308102 		sd	s0,32(sp)
  19 000c 233C9100 		sd	s1,24(sp)
  20 0010 23382101 		sd	s2,16(sp)
  21              		.cfi_offset 1, -8
  22              		.cfi_offset 8, -16
  23              		.cfi_offset 9, -24
  24              		.cfi_offset 18, -32
  25 0014 13040103 		addi	s0,sp,48
  26              		.cfi_def_cfa 8, 0
  27 0018 93040500 		mv	s1,a0
   9:src/print.cpp ****     uint64 sstatus = Riscv::r_sstatus();
  28              		.loc 1 9 5
  29              	.LBB14:
  30              	.LBB15:
  31              		.file 2 "src/../h/riscv.hpp"
   1:src/../h/riscv.hpp **** //
   2:src/../h/riscv.hpp **** // Created by marko on 20.4.22..
   3:src/../h/riscv.hpp **** //
   4:src/../h/riscv.hpp **** 
   5:src/../h/riscv.hpp **** #ifndef OS1_VEZBE07_RISCV_CONTEXT_SWITCH_2_INTERRUPT_RISCV_HPP
   6:src/../h/riscv.hpp **** #define OS1_VEZBE07_RISCV_CONTEXT_SWITCH_2_INTERRUPT_RISCV_HPP
   7:src/../h/riscv.hpp **** 
   8:src/../h/riscv.hpp **** #include "../lib/hw.h"
   9:src/../h/riscv.hpp **** #include "../lib/console.h"
  10:src/../h/riscv.hpp **** #include "print.hpp"
  11:src/../h/riscv.hpp **** #include "tcb.hpp"
  12:src/../h/riscv.hpp **** #include "MemoryAllocator.hpp"
  13:src/../h/riscv.hpp **** class Riscv
  14:src/../h/riscv.hpp **** {
  15:src/../h/riscv.hpp **** public:
  16:src/../h/riscv.hpp **** 
  17:src/../h/riscv.hpp ****     //pop sstatus spp and sstatus spie
  18:src/../h/riscv.hpp ****     static void popSppSpie();
GAS LISTING /tmp/ccpgbPZE.s 			page 2


  19:src/../h/riscv.hpp ****     //push x3..31 registers
  20:src/../h/riscv.hpp ****     static void pushRegisters();
  21:src/../h/riscv.hpp ****     //pop x3..31 regiesters
  22:src/../h/riscv.hpp ****     static void popRegisters();
  23:src/../h/riscv.hpp **** 
  24:src/../h/riscv.hpp ****     // read register scause
  25:src/../h/riscv.hpp ****     static uint64 r_scause();
  26:src/../h/riscv.hpp **** 
  27:src/../h/riscv.hpp ****     // write register scause
  28:src/../h/riscv.hpp ****     static void w_scause(uint64 scause);
  29:src/../h/riscv.hpp **** 
  30:src/../h/riscv.hpp ****     // read register sepc
  31:src/../h/riscv.hpp ****     static uint64 r_sepc();
  32:src/../h/riscv.hpp **** 
  33:src/../h/riscv.hpp ****     // write register sepc
  34:src/../h/riscv.hpp ****     static void w_sepc(uint64 sepc);
  35:src/../h/riscv.hpp **** 
  36:src/../h/riscv.hpp ****     // read register stvec
  37:src/../h/riscv.hpp ****     static uint64 r_stvec();
  38:src/../h/riscv.hpp **** 
  39:src/../h/riscv.hpp ****     // write register stvec
  40:src/../h/riscv.hpp ****     static void w_stvec(uint64 stvec);
  41:src/../h/riscv.hpp **** 
  42:src/../h/riscv.hpp ****     // read register stval
  43:src/../h/riscv.hpp ****     static uint64 r_stval();
  44:src/../h/riscv.hpp **** 
  45:src/../h/riscv.hpp ****     // write register stval
  46:src/../h/riscv.hpp ****     static void w_stval(uint64 stval);
  47:src/../h/riscv.hpp **** 
  48:src/../h/riscv.hpp ****     enum BitMaskSip
  49:src/../h/riscv.hpp ****     {
  50:src/../h/riscv.hpp ****         SIP_SSIP = (1 << 1),
  51:src/../h/riscv.hpp ****         SIP_STIP = (1 << 5),
  52:src/../h/riscv.hpp ****         SIP_SEIP = (1 << 9),
  53:src/../h/riscv.hpp ****     };
  54:src/../h/riscv.hpp **** 
  55:src/../h/riscv.hpp ****     // mask set register sip
  56:src/../h/riscv.hpp ****     static void ms_sip(uint64 mask);
  57:src/../h/riscv.hpp **** 
  58:src/../h/riscv.hpp ****     // mask clear register sip
  59:src/../h/riscv.hpp ****     static void mc_sip(uint64 mask);
  60:src/../h/riscv.hpp **** 
  61:src/../h/riscv.hpp ****     // read register sip
  62:src/../h/riscv.hpp ****     static uint64 r_sip();
  63:src/../h/riscv.hpp **** 
  64:src/../h/riscv.hpp ****     // write register sip
  65:src/../h/riscv.hpp ****     static void w_sip(uint64 sip);
  66:src/../h/riscv.hpp **** 
  67:src/../h/riscv.hpp ****     enum BitMaskSstatus
  68:src/../h/riscv.hpp ****     {
  69:src/../h/riscv.hpp ****         SSTATUS_SIE = (1 << 1),
  70:src/../h/riscv.hpp ****         SSTATUS_SPIE = (1 << 5),
  71:src/../h/riscv.hpp ****         SSTATUS_SPP = (1 << 8),
  72:src/../h/riscv.hpp ****     };
  73:src/../h/riscv.hpp **** 
  74:src/../h/riscv.hpp ****     // mask set register sstatus
  75:src/../h/riscv.hpp ****     static void ms_sstatus(uint64 mask);
GAS LISTING /tmp/ccpgbPZE.s 			page 3


  76:src/../h/riscv.hpp **** 
  77:src/../h/riscv.hpp ****     // mask clear register sstatus
  78:src/../h/riscv.hpp ****     static void mc_sstatus(uint64 mask);
  79:src/../h/riscv.hpp **** 
  80:src/../h/riscv.hpp ****     // read register sstatus
  81:src/../h/riscv.hpp ****     static uint64 r_sstatus();
  82:src/../h/riscv.hpp **** 
  83:src/../h/riscv.hpp ****     // write register sstatus
  84:src/../h/riscv.hpp ****     static void w_sstatus(uint64 sstatus);
  85:src/../h/riscv.hpp **** 
  86:src/../h/riscv.hpp ****     //read a0 register
  87:src/../h/riscv.hpp ****     static uint64 r_a0();
  88:src/../h/riscv.hpp **** 
  89:src/../h/riscv.hpp ****     //write to a0 register
  90:src/../h/riscv.hpp ****     static void w_a0(uint64 writeValue);
  91:src/../h/riscv.hpp **** 
  92:src/../h/riscv.hpp ****     static void supervisorTrap();
  93:src/../h/riscv.hpp **** 
  94:src/../h/riscv.hpp **** private:
  95:src/../h/riscv.hpp ****     static void handleSupervisorTrap();
  96:src/../h/riscv.hpp **** };
  97:src/../h/riscv.hpp **** 
  98:src/../h/riscv.hpp **** 
  99:src/../h/riscv.hpp **** inline uint64 Riscv::r_scause()
 100:src/../h/riscv.hpp **** {
 101:src/../h/riscv.hpp ****     uint64 volatile scause;
 102:src/../h/riscv.hpp ****     __asm__ volatile ("csrr %[scause], scause" : [scause] "=r"(scause));
 103:src/../h/riscv.hpp ****     return scause;
 104:src/../h/riscv.hpp **** }
 105:src/../h/riscv.hpp **** 
 106:src/../h/riscv.hpp **** inline void Riscv::w_scause(uint64 scause)
 107:src/../h/riscv.hpp **** {
 108:src/../h/riscv.hpp ****     __asm__ volatile ("csrw scause, %[scause]" : : [scause] "r"(scause));
 109:src/../h/riscv.hpp **** }
 110:src/../h/riscv.hpp **** 
 111:src/../h/riscv.hpp **** inline uint64 Riscv::r_sepc()
 112:src/../h/riscv.hpp **** {
 113:src/../h/riscv.hpp ****     uint64 volatile sepc;
 114:src/../h/riscv.hpp ****     __asm__ volatile ("csrr %[sepc], sepc" : [sepc] "=r"(sepc));
 115:src/../h/riscv.hpp ****     return sepc;
 116:src/../h/riscv.hpp **** }
 117:src/../h/riscv.hpp **** 
 118:src/../h/riscv.hpp **** inline void Riscv::w_sepc(uint64 sepc)
 119:src/../h/riscv.hpp **** {
 120:src/../h/riscv.hpp ****     __asm__ volatile ("csrw sepc, %[sepc]" : : [sepc] "r"(sepc));
 121:src/../h/riscv.hpp **** }
 122:src/../h/riscv.hpp **** 
 123:src/../h/riscv.hpp **** inline uint64 Riscv::r_stvec()
 124:src/../h/riscv.hpp **** {
 125:src/../h/riscv.hpp ****     uint64 volatile stvec;
 126:src/../h/riscv.hpp ****     __asm__ volatile ("csrr %[stvec], stvec" : [stvec] "=r"(stvec));
 127:src/../h/riscv.hpp ****     return stvec;
 128:src/../h/riscv.hpp **** }
 129:src/../h/riscv.hpp **** 
 130:src/../h/riscv.hpp **** inline void Riscv::w_stvec(uint64 stvec)
 131:src/../h/riscv.hpp **** {
 132:src/../h/riscv.hpp ****     __asm__ volatile ("csrw stvec, %[stvec]" : : [stvec] "r"(stvec));
GAS LISTING /tmp/ccpgbPZE.s 			page 4


 133:src/../h/riscv.hpp **** }
 134:src/../h/riscv.hpp **** 
 135:src/../h/riscv.hpp **** inline uint64 Riscv::r_stval()
 136:src/../h/riscv.hpp **** {
 137:src/../h/riscv.hpp ****     uint64 volatile stval;
 138:src/../h/riscv.hpp ****     __asm__ volatile ("csrr %[stval], stval" : [stval] "=r"(stval));
 139:src/../h/riscv.hpp ****     return stval;
 140:src/../h/riscv.hpp **** }
 141:src/../h/riscv.hpp **** 
 142:src/../h/riscv.hpp **** inline void Riscv::w_stval(uint64 stval)
 143:src/../h/riscv.hpp **** {
 144:src/../h/riscv.hpp ****     __asm__ volatile ("csrw stval, %[stval]" : : [stval] "r"(stval));
 145:src/../h/riscv.hpp **** }
 146:src/../h/riscv.hpp **** 
 147:src/../h/riscv.hpp **** inline void Riscv::ms_sip(uint64 mask)
 148:src/../h/riscv.hpp **** {
 149:src/../h/riscv.hpp ****     __asm__ volatile ("csrs sip, %[mask]" : : [mask] "r"(mask));
 150:src/../h/riscv.hpp **** }
 151:src/../h/riscv.hpp **** 
 152:src/../h/riscv.hpp **** inline void Riscv::mc_sip(uint64 mask)
 153:src/../h/riscv.hpp **** {
 154:src/../h/riscv.hpp ****     __asm__ volatile ("csrc sip, %[mask]" : : [mask] "r"(mask));
 155:src/../h/riscv.hpp **** }
 156:src/../h/riscv.hpp **** 
 157:src/../h/riscv.hpp **** inline uint64 Riscv::r_sip()
 158:src/../h/riscv.hpp **** {
 159:src/../h/riscv.hpp ****     uint64 volatile sip;
 160:src/../h/riscv.hpp ****     __asm__ volatile ("csrr %[sip], sip" : [sip] "=r"(sip));
 161:src/../h/riscv.hpp ****     return sip;
 162:src/../h/riscv.hpp **** }
 163:src/../h/riscv.hpp **** 
 164:src/../h/riscv.hpp **** inline void Riscv::w_sip(uint64 sip)
 165:src/../h/riscv.hpp **** {
 166:src/../h/riscv.hpp ****     __asm__ volatile ("csrw sip, %[sip]" : : [sip] "r"(sip));
 167:src/../h/riscv.hpp **** }
 168:src/../h/riscv.hpp **** 
 169:src/../h/riscv.hpp **** inline void Riscv::ms_sstatus(uint64 mask)
 170:src/../h/riscv.hpp **** {
 171:src/../h/riscv.hpp ****     __asm__ volatile ("csrs sstatus, %[mask]" : : [mask] "r"(mask));
 172:src/../h/riscv.hpp **** }
 173:src/../h/riscv.hpp **** 
 174:src/../h/riscv.hpp **** inline void Riscv::mc_sstatus(uint64 mask)
 175:src/../h/riscv.hpp **** {
 176:src/../h/riscv.hpp ****     __asm__ volatile ("csrc sstatus, %[mask]" : : [mask] "r"(mask));
 177:src/../h/riscv.hpp **** }
 178:src/../h/riscv.hpp **** 
 179:src/../h/riscv.hpp **** inline uint64 Riscv::r_sstatus()
 180:src/../h/riscv.hpp **** {
 181:src/../h/riscv.hpp ****     uint64 volatile sstatus;
  32              		.loc 2 181 5
 182:src/../h/riscv.hpp ****     __asm__ volatile ("csrr %[sstatus], sstatus" : [sstatus] "=r"(sstatus));
  33              		.loc 2 182 5
  34              		.loc 2 182 76 is_stmt 0
  35              	#APP
  36              	# 182 "src/../h/riscv.hpp" 1
 183              	    return sstatus;
  37              		csrr a5, sstatus
GAS LISTING /tmp/ccpgbPZE.s 			page 5


  38              	# 0 "" 2
  39              	#NO_APP
  40 0020 233CF4FC 		sd	a5,-40(s0)
  41              		.loc 2 183 5 is_stmt 1
  42              		.loc 2 183 12 is_stmt 0
  43 0024 033984FD 		ld	s2,-40(s0)
  44              	.LVL1:
  45              	.LBE15:
  46              	.LBE14:
  10:src/print.cpp ****     Riscv::mc_sstatus(Riscv::SSTATUS_SIE);
  47              		.loc 1 10 5 is_stmt 1
  48              	.LBB16:
  49              	.LBB17:
 176:src/../h/riscv.hpp **** }
  50              		.loc 2 176 5
 176:src/../h/riscv.hpp **** }
  51              		.loc 2 176 68 is_stmt 0
  52 0028 93072000 		li	a5,2
  53              	#APP
  54              	# 176 "src/../h/riscv.hpp" 1
  55              		csrc sstatus, a5
  56              	# 0 "" 2
  57              	.LVL2:
  58              	#NO_APP
  59              	.L3:
  60              	.LBE17:
  61              	.LBE16:
  11:src/print.cpp ****     while(*string !='\0'){
  62              		.loc 1 11 5 is_stmt 1
  63              		.loc 1 11 19
  64              		.loc 1 11 11 is_stmt 0
  65 0030 03C50400 		lbu	a0,0(s1)
  66              		.loc 1 11 19
  67 0034 630A0500 		beqz	a0,.L2
  12:src/print.cpp ****         __putc(*string);
  68              		.loc 1 12 9 is_stmt 1
  69              		.loc 1 12 15 is_stmt 0
  70 0038 97000000 		call	__putc@plt
  70      E7800000 
  71              	.LVL3:
  13:src/print.cpp ****         string++;
  72              		.loc 1 13 9 is_stmt 1
  73              		.loc 1 13 15 is_stmt 0
  74 0040 93841400 		addi	s1,s1,1
  75              	.LVL4:
  11:src/print.cpp ****     while(*string !='\0'){
  76              		.loc 1 11 5
  77 0044 6FF0DFFE 		j	.L3
  78              	.L2:
  14:src/print.cpp ****     }
  15:src/print.cpp ****     Riscv::ms_sstatus(sstatus & Riscv::SSTATUS_SIE ? Riscv::SSTATUS_SIE : 0);
  79              		.loc 1 15 5 is_stmt 1
  80              		.loc 1 15 52 is_stmt 0
  81 0048 1B090900 		sext.w	s2,s2
  82              	.LVL5:
  83              		.loc 1 15 22
  84 004c 13792900 		andi	s2,s2,2
GAS LISTING /tmp/ccpgbPZE.s 			page 6


  85 0050 1B090900 		sext.w	s2,s2
  86              	.LVL6:
  87              	.LBB18:
  88              	.LBB19:
 171:src/../h/riscv.hpp **** }
  89              		.loc 2 171 5 is_stmt 1
 171:src/../h/riscv.hpp **** }
  90              		.loc 2 171 68 is_stmt 0
  91              	#APP
  92              	# 171 "src/../h/riscv.hpp" 1
  93              		csrs sstatus, s2
  94              	# 0 "" 2
  95              	.LVL7:
  96              	#NO_APP
  97              	.LBE19:
  98              	.LBE18:
  16:src/print.cpp **** }
  99              		.loc 1 16 1
 100 0058 83308102 		ld	ra,40(sp)
 101              		.cfi_restore 1
 102 005c 03340102 		ld	s0,32(sp)
 103              		.cfi_restore 8
 104              		.cfi_def_cfa 2, 48
 105 0060 83348101 		ld	s1,24(sp)
 106              		.cfi_restore 9
 107              	.LVL8:
 108 0064 03390101 		ld	s2,16(sp)
 109              		.cfi_restore 18
 110 0068 13010103 		addi	sp,sp,48
 111              		.cfi_def_cfa_offset 0
 112 006c 67800000 		jr	ra
 113              		.cfi_endproc
 114              	.LFE40:
 116              		.align	2
 117              		.globl	_Z12printIntegerm
 119              	_Z12printIntegerm:
 120              	.LFB41:
  17:src/print.cpp **** 
  18:src/print.cpp **** void printInteger(uint64 integer){
 121              		.loc 1 18 34 is_stmt 1
 122              		.cfi_startproc
 123              	.LVL9:
 124 0070 130101FC 		addi	sp,sp,-64
 125              		.cfi_def_cfa_offset 64
 126 0074 233C1102 		sd	ra,56(sp)
 127 0078 23388102 		sd	s0,48(sp)
 128 007c 23349102 		sd	s1,40(sp)
 129 0080 23302103 		sd	s2,32(sp)
 130              		.cfi_offset 1, -8
 131              		.cfi_offset 8, -16
 132              		.cfi_offset 9, -24
 133              		.cfi_offset 18, -32
 134 0084 13040104 		addi	s0,sp,64
 135              		.cfi_def_cfa 8, 0
  19:src/print.cpp ****     uint64 sstatus = Riscv::r_sstatus();
 136              		.loc 1 19 5
 137              	.LBB20:
GAS LISTING /tmp/ccpgbPZE.s 			page 7


 138              	.LBB21:
 181:src/../h/riscv.hpp ****     __asm__ volatile ("csrr %[sstatus], sstatus" : [sstatus] "=r"(sstatus));
 139              		.loc 2 181 5
 182:src/../h/riscv.hpp ****     return sstatus;
 140              		.loc 2 182 5
 182:src/../h/riscv.hpp ****     return sstatus;
 141              		.loc 2 182 76 is_stmt 0
 142              	#APP
 143              	# 182 "src/../h/riscv.hpp" 1
 144              		csrr a5, sstatus
 145              	# 0 "" 2
 146              	#NO_APP
 147 008c 2334F4FC 		sd	a5,-56(s0)
 148              		.loc 2 183 5 is_stmt 1
 149              		.loc 2 183 12 is_stmt 0
 150 0090 033984FC 		ld	s2,-56(s0)
 151              	.LVL10:
 152              	.LBE21:
 153              	.LBE20:
  20:src/print.cpp ****     Riscv::mc_sstatus(Riscv::SSTATUS_SIE);
 154              		.loc 1 20 5 is_stmt 1
 155              	.LBB22:
 156              	.LBB23:
 176:src/../h/riscv.hpp **** }
 157              		.loc 2 176 5
 176:src/../h/riscv.hpp **** }
 158              		.loc 2 176 68 is_stmt 0
 159 0094 93072000 		li	a5,2
 160              	#APP
 161              	# 176 "src/../h/riscv.hpp" 1
 162              		csrc sstatus, a5
 163              	# 0 "" 2
 164              	.LVL11:
 165              	#NO_APP
 166              	.LBE23:
 167              	.LBE22:
  21:src/print.cpp **** 
  22:src/print.cpp ****     static char digits[] ="0123456789";
 168              		.loc 1 22 5 is_stmt 1
  23:src/print.cpp ****     char buf[16];
 169              		.loc 1 23 5
  24:src/print.cpp ****     int i, neg;
 170              		.loc 1 24 5
  25:src/print.cpp ****     uint x;
 171              		.loc 1 25 5
  26:src/print.cpp **** 
  27:src/print.cpp ****     neg = 0;
 172              		.loc 1 27 5
  28:src/print.cpp ****     if(integer<0){
 173              		.loc 1 28 5
  29:src/print.cpp ****         neg= 1;
  30:src/print.cpp ****         x= -integer;
  31:src/print.cpp ****     }else x=integer;
 174              		.loc 1 31 11
 175              		.loc 1 31 12 is_stmt 0
 176 009c 1B050500 		sext.w	a0,a0
 177              	.LVL12:
GAS LISTING /tmp/ccpgbPZE.s 			page 8


  32:src/print.cpp ****     i=0;
 178              		.loc 1 32 5 is_stmt 1
 179              		.loc 1 32 6 is_stmt 0
 180 00a0 93040000 		li	s1,0
 181              	.LVL13:
 182              	.L6:
  33:src/print.cpp ****     do{
 183              		.loc 1 33 5 is_stmt 1
  34:src/print.cpp ****         buf[i++] = digits[x%10];
 184              		.loc 1 34 9
 185              		.loc 1 34 28 is_stmt 0
 186 00a4 1306A000 		li	a2,10
 187 00a8 3B77C502 		remuw	a4,a0,a2
 188              	.LVL14:
 189              		.loc 1 34 31
 190 00ac 93160702 		slli	a3,a4,32
 191 00b0 93D60602 		srli	a3,a3,32
 192 00b4 17070000 		lla	a4,.LANCHOR0
 192      13070700 
 193 00bc 3307D700 		add	a4,a4,a3
 194 00c0 03470700 		lbu	a4,0(a4)
 195              		.loc 1 34 18
 196 00c4 930604FE 		addi	a3,s0,-32
 197 00c8 B3879600 		add	a5,a3,s1
 198 00cc 9B841400 		addiw	s1,s1,1
 199              	.LVL15:
 200 00d0 2388E7FE 		sb	a4,-16(a5)
  35:src/print.cpp ****     }while ((x/=10)!=0);
 201              		.loc 1 35 20 is_stmt 1
 202 00d4 1B070500 		sext.w	a4,a0
 203              		.loc 1 35 15 is_stmt 0
 204 00d8 3B55C502 		divuw	a0,a0,a2
 205              	.LVL16:
 206              		.loc 1 35 20
 207 00dc 93079000 		li	a5,9
 208 00e0 E3E2E7FC 		bgtu	a4,a5,.L6
 209              	.LVL17:
 210              	.L8:
  36:src/print.cpp ****     if(neg)
  37:src/print.cpp ****         buf[i++]='-';
  38:src/print.cpp ****     while(--i >=0) __putc(buf[i]);
 211              		.loc 1 38 5 is_stmt 1
 212              		.loc 1 38 15
 213 00e4 9B84F4FF 		addiw	s1,s1,-1
 214              	.LVL18:
 215 00e8 63CE0400 		bltz	s1,.L7
 216              		.loc 1 38 20 discriminator 1
 217              		.loc 1 38 26 is_stmt 0 discriminator 1
 218 00ec 930704FE 		addi	a5,s0,-32
 219 00f0 B3879700 		add	a5,a5,s1
 220 00f4 03C507FF 		lbu	a0,-16(a5)
 221 00f8 97000000 		call	__putc@plt
 221      E7800000 
 222              	.LVL19:
 223 0100 6FF05FFE 		j	.L8
 224              	.L7:
  39:src/print.cpp ****     Riscv::ms_sstatus(sstatus & Riscv::SSTATUS_SIE ? Riscv::SSTATUS_SIE : 0);
GAS LISTING /tmp/ccpgbPZE.s 			page 9


 225              		.loc 1 39 5 is_stmt 1
 226              		.loc 1 39 52 is_stmt 0
 227 0104 1B090900 		sext.w	s2,s2
 228              	.LVL20:
 229              		.loc 1 39 22
 230 0108 13792900 		andi	s2,s2,2
 231 010c 1B090900 		sext.w	s2,s2
 232              	.LVL21:
 233              	.LBB24:
 234              	.LBB25:
 171:src/../h/riscv.hpp **** }
 235              		.loc 2 171 5 is_stmt 1
 171:src/../h/riscv.hpp **** }
 236              		.loc 2 171 68 is_stmt 0
 237              	#APP
 238              	# 171 "src/../h/riscv.hpp" 1
 239              		csrs sstatus, s2
 240              	# 0 "" 2
 241              	.LVL22:
 242              	#NO_APP
 243              	.LBE25:
 244              	.LBE24:
  40:src/print.cpp **** 
  41:src/print.cpp **** }...
 245              		.loc 1 41 1
 246 0114 83308103 		ld	ra,56(sp)
 247              		.cfi_restore 1
 248 0118 03340103 		ld	s0,48(sp)
 249              		.cfi_restore 8
 250              		.cfi_def_cfa 2, 64
 251 011c 83348102 		ld	s1,40(sp)
 252              		.cfi_restore 9
 253 0120 03390102 		ld	s2,32(sp)
 254              		.cfi_restore 18
 255 0124 13010104 		addi	sp,sp,64
 256              		.cfi_def_cfa_offset 0
 257 0128 67800000 		jr	ra
 258              		.cfi_endproc
 259              	.LFE41:
 261              		.section	.rodata
 262              		.align	3
 263              		.set	.LANCHOR0,. + 0
 266              	_ZZ12printIntegermE6digits:
 267 0000 30313233 		.string	"0123456789"
 267      34353637 
 267      383900
 268              		.text
 269              	.Letext0:
 270              		.file 3 "src/../h/../lib/hw.h"
 271              		.file 4 "src/../h/../lib/console.h"
GAS LISTING /tmp/ccpgbPZE.s 			page 10


DEFINED SYMBOLS
                            *ABS*:0000000000000000 print.cpp
     /tmp/ccpgbPZE.s:9      .text:0000000000000000 _Z11printStringPKc
     /tmp/ccpgbPZE.s:13     .text:0000000000000000 .L0 
     /tmp/ccpgbPZE.s:15     .text:0000000000000000 .L0 
     /tmp/ccpgbPZE.s:16     .text:0000000000000004 .L0 
     /tmp/ccpgbPZE.s:21     .text:0000000000000014 .L0 
     /tmp/ccpgbPZE.s:22     .text:0000000000000014 .L0 
     /tmp/ccpgbPZE.s:23     .text:0000000000000014 .L0 
     /tmp/ccpgbPZE.s:24     .text:0000000000000014 .L0 
     /tmp/ccpgbPZE.s:26     .text:0000000000000018 .L0 
     /tmp/ccpgbPZE.s:32     .text:000000000000001c .L0 
     /tmp/ccpgbPZE.s:33     .text:000000000000001c .L0 
     /tmp/ccpgbPZE.s:34     .text:000000000000001c .L0 
  src/../h/riscv.hpp:182    .text:000000000000001c .L0 
     /tmp/ccpgbPZE.s:42     .text:0000000000000024 .L0 
     /tmp/ccpgbPZE.s:43     .text:0000000000000024 .L0 
     /tmp/ccpgbPZE.s:50     .text:0000000000000028 .L0 
     /tmp/ccpgbPZE.s:51     .text:0000000000000028 .L0 
     /tmp/ccpgbPZE.s:52     .text:0000000000000028 .L0 
     /tmp/ccpgbPZE.s:63     .text:0000000000000030 .L0 
     /tmp/ccpgbPZE.s:64     .text:0000000000000030 .L0 
     /tmp/ccpgbPZE.s:65     .text:0000000000000030 .L0 
     /tmp/ccpgbPZE.s:67     .text:0000000000000034 .L0 
     /tmp/ccpgbPZE.s:69     .text:0000000000000038 .L0 
     /tmp/ccpgbPZE.s:70     .text:0000000000000038 .L0 
     /tmp/ccpgbPZE.s:73     .text:0000000000000040 .L0 
     /tmp/ccpgbPZE.s:74     .text:0000000000000040 .L0 
     /tmp/ccpgbPZE.s:77     .text:0000000000000044 .L0 
     /tmp/ccpgbPZE.s:80     .text:0000000000000048 .L0 
     /tmp/ccpgbPZE.s:81     .text:0000000000000048 .L0 
     /tmp/ccpgbPZE.s:84     .text:000000000000004c .L0 
     /tmp/ccpgbPZE.s:90     .text:0000000000000054 .L0 
  src/../h/riscv.hpp:171    .text:0000000000000054 .L0 
     /tmp/ccpgbPZE.s:100    .text:0000000000000058 .L0 
     /tmp/ccpgbPZE.s:101    .text:000000000000005c .L0 
     /tmp/ccpgbPZE.s:103    .text:0000000000000060 .L0 
     /tmp/ccpgbPZE.s:104    .text:0000000000000060 .L0 
     /tmp/ccpgbPZE.s:106    .text:0000000000000064 .L0 
     /tmp/ccpgbPZE.s:109    .text:0000000000000068 .L0 
     /tmp/ccpgbPZE.s:111    .text:000000000000006c .L0 
     /tmp/ccpgbPZE.s:113    .text:0000000000000070 .L0 
     /tmp/ccpgbPZE.s:119    .text:0000000000000070 _Z12printIntegerm
     /tmp/ccpgbPZE.s:122    .text:0000000000000070 .L0 
     /tmp/ccpgbPZE.s:124    .text:0000000000000070 .L0 
     /tmp/ccpgbPZE.s:125    .text:0000000000000074 .L0 
     /tmp/ccpgbPZE.s:130    .text:0000000000000084 .L0 
     /tmp/ccpgbPZE.s:131    .text:0000000000000084 .L0 
     /tmp/ccpgbPZE.s:132    .text:0000000000000084 .L0 
     /tmp/ccpgbPZE.s:133    .text:0000000000000084 .L0 
     /tmp/ccpgbPZE.s:135    .text:0000000000000088 .L0 
     /tmp/ccpgbPZE.s:139    .text:0000000000000088 .L0 
     /tmp/ccpgbPZE.s:140    .text:0000000000000088 .L0 
     /tmp/ccpgbPZE.s:141    .text:0000000000000088 .L0 
  src/../h/riscv.hpp:182    .text:0000000000000088 .L0 
     /tmp/ccpgbPZE.s:149    .text:0000000000000090 .L0 
     /tmp/ccpgbPZE.s:150    .text:0000000000000090 .L0 
GAS LISTING /tmp/ccpgbPZE.s 			page 11


     /tmp/ccpgbPZE.s:157    .text:0000000000000094 .L0 
     /tmp/ccpgbPZE.s:158    .text:0000000000000094 .L0 
     /tmp/ccpgbPZE.s:159    .text:0000000000000094 .L0 
     /tmp/ccpgbPZE.s:169    .text:000000000000009c .L0 
     /tmp/ccpgbPZE.s:170    .text:000000000000009c .L0 
     /tmp/ccpgbPZE.s:171    .text:000000000000009c .L0 
     /tmp/ccpgbPZE.s:172    .text:000000000000009c .L0 
     /tmp/ccpgbPZE.s:173    .text:000000000000009c .L0 
     /tmp/ccpgbPZE.s:174    .text:000000000000009c .L0 
     /tmp/ccpgbPZE.s:175    .text:000000000000009c .L0 
     /tmp/ccpgbPZE.s:176    .text:000000000000009c .L0 
     /tmp/ccpgbPZE.s:179    .text:00000000000000a0 .L0 
     /tmp/ccpgbPZE.s:180    .text:00000000000000a0 .L0 
     /tmp/ccpgbPZE.s:184    .text:00000000000000a4 .L0 
     /tmp/ccpgbPZE.s:185    .text:00000000000000a4 .L0 
     /tmp/ccpgbPZE.s:186    .text:00000000000000a4 .L0 
     /tmp/ccpgbPZE.s:190    .text:00000000000000ac .L0 
     /tmp/ccpgbPZE.s:196    .text:00000000000000c4 .L0 
     /tmp/ccpgbPZE.s:202    .text:00000000000000d4 .L0 
     /tmp/ccpgbPZE.s:204    .text:00000000000000d8 .L0 
     /tmp/ccpgbPZE.s:207    .text:00000000000000dc .L0 
     /tmp/ccpgbPZE.s:212    .text:00000000000000e4 .L0 
     /tmp/ccpgbPZE.s:213    .text:00000000000000e4 .L0 
     /tmp/ccpgbPZE.s:217    .text:00000000000000ec .L0 
     /tmp/ccpgbPZE.s:218    .text:00000000000000ec .L0 
     /tmp/ccpgbPZE.s:226    .text:0000000000000104 .L0 
     /tmp/ccpgbPZE.s:227    .text:0000000000000104 .L0 
     /tmp/ccpgbPZE.s:230    .text:0000000000000108 .L0 
     /tmp/ccpgbPZE.s:236    .text:0000000000000110 .L0 
  src/../h/riscv.hpp:171    .text:0000000000000110 .L0 
     /tmp/ccpgbPZE.s:246    .text:0000000000000114 .L0 
     /tmp/ccpgbPZE.s:247    .text:0000000000000118 .L0 
     /tmp/ccpgbPZE.s:249    .text:000000000000011c .L0 
     /tmp/ccpgbPZE.s:250    .text:000000000000011c .L0 
     /tmp/ccpgbPZE.s:252    .text:0000000000000120 .L0 
     /tmp/ccpgbPZE.s:254    .text:0000000000000124 .L0 
     /tmp/ccpgbPZE.s:256    .text:0000000000000128 .L0 
     /tmp/ccpgbPZE.s:258    .text:000000000000012c .L0 
     /tmp/ccpgbPZE.s:263    .rodata:0000000000000000 .LANCHOR0
     /tmp/ccpgbPZE.s:266    .rodata:0000000000000000 _ZZ12printIntegermE6digits
     /tmp/ccpgbPZE.s:272    .text:000000000000012c .L0 
     /tmp/ccpgbPZE.s:192    .text:00000000000000b4 .L0 
     /tmp/ccpgbPZE.s:78     .text:0000000000000048 .L2
     /tmp/ccpgbPZE.s:59     .text:0000000000000030 .L3
     /tmp/ccpgbPZE.s:182    .text:00000000000000a4 .L6
     /tmp/ccpgbPZE.s:224    .text:0000000000000104 .L7
     /tmp/ccpgbPZE.s:210    .text:00000000000000e4 .L8
     /tmp/ccpgbPZE.s:907    .debug_abbrev:0000000000000000 .Ldebug_abbrev0
     /tmp/ccpgbPZE.s:1620   .debug_str:000000000000006a .LASF76
     /tmp/ccpgbPZE.s:1758   .debug_str:0000000000000524 .LASF77
     /tmp/ccpgbPZE.s:1694   .debug_str:0000000000000348 .LASF78
     /tmp/ccpgbPZE.s:5      .text:0000000000000000 .Ltext0
     /tmp/ccpgbPZE.s:269    .text:000000000000012c .Letext0
     /tmp/ccpgbPZE.s:1600   .debug_line:0000000000000000 .Ldebug_line0
     /tmp/ccpgbPZE.s:1702   .debug_str:0000000000000394 .LASF0
     /tmp/ccpgbPZE.s:1636   .debug_str:0000000000000197 .LASF3
     /tmp/ccpgbPZE.s:1708   .debug_str:00000000000003ae .LASF1
GAS LISTING /tmp/ccpgbPZE.s 			page 12


     /tmp/ccpgbPZE.s:1692   .debug_str:000000000000033a .LASF2
     /tmp/ccpgbPZE.s:1680   .debug_str:00000000000002da .LASF4
     /tmp/ccpgbPZE.s:1728   .debug_str:0000000000000443 .LASF5
     /tmp/ccpgbPZE.s:1622   .debug_str:000000000000012e .LASF6
     /tmp/ccpgbPZE.s:1710   .debug_str:00000000000003c1 .LASF7
     /tmp/ccpgbPZE.s:1700   .debug_str:0000000000000381 .LASF8
     /tmp/ccpgbPZE.s:1750   .debug_str:00000000000004df .LASF9
     /tmp/ccpgbPZE.s:1668   .debug_str:0000000000000280 .LASF10
     /tmp/ccpgbPZE.s:1714   .debug_str:00000000000003d9 .LASF11
     /tmp/ccpgbPZE.s:1746   .debug_str:00000000000004be .LASF12
     /tmp/ccpgbPZE.s:1626   .debug_str:0000000000000141 .LASF13
     /tmp/ccpgbPZE.s:1606   .debug_str:0000000000000022 .LASF14
     /tmp/ccpgbPZE.s:1634   .debug_str:000000000000018b .LASF15
     /tmp/ccpgbPZE.s:1724   .debug_str:0000000000000415 .LASF16
     /tmp/ccpgbPZE.s:1640   .debug_str:00000000000001a8 .LASF17
     /tmp/ccpgbPZE.s:1660   .debug_str:000000000000025a .LASF18
     /tmp/ccpgbPZE.s:1706   .debug_str:00000000000003a8 .LASF79
     /tmp/ccpgbPZE.s:1644   .debug_str:00000000000001d2 .LASF80
     /tmp/ccpgbPZE.s:1638   .debug_str:000000000000019c .LASF19
     /tmp/ccpgbPZE.s:1688   .debug_str:0000000000000315 .LASF20
     /tmp/ccpgbPZE.s:1624   .debug_str:0000000000000135 .LASF21
     /tmp/ccpgbPZE.s:1720   .debug_str:0000000000000403 .LASF22
     /tmp/ccpgbPZE.s:1760   .debug_str:0000000000000532 .LASF24
     /tmp/ccpgbPZE.s:1618   .debug_str:000000000000005c .LASF23
     /tmp/ccpgbPZE.s:1652   .debug_str:0000000000000212 .LASF25
     /tmp/ccpgbPZE.s:1736   .debug_str:0000000000000480 .LASF26
     /tmp/ccpgbPZE.s:1604   .debug_str:0000000000000008 .LASF27
     /tmp/ccpgbPZE.s:1608   .debug_str:0000000000000032 .LASF28
     /tmp/ccpgbPZE.s:1734   .debug_str:000000000000046b .LASF30
     /tmp/ccpgbPZE.s:1650   .debug_str:0000000000000209 .LASF32
     /tmp/ccpgbPZE.s:1648   .debug_str:00000000000001f4 .LASF34
     /tmp/ccpgbPZE.s:1730   .debug_str:0000000000000455 .LASF29
     /tmp/ccpgbPZE.s:1716   .debug_str:00000000000003e8 .LASF31
     /tmp/ccpgbPZE.s:1744   .debug_str:00000000000004b7 .LASF33
     /tmp/ccpgbPZE.s:1738   .debug_str:000000000000048d .LASF35
     /tmp/ccpgbPZE.s:1664   .debug_str:0000000000000272 .LASF36
     /tmp/ccpgbPZE.s:1642   .debug_str:00000000000001be .LASF37
     /tmp/ccpgbPZE.s:1602   .debug_str:0000000000000000 .LASF38
     /tmp/ccpgbPZE.s:1674   .debug_str:00000000000002a9 .LASF39
     /tmp/ccpgbPZE.s:1656   .debug_str:000000000000023e .LASF40
     /tmp/ccpgbPZE.s:1628   .debug_str:0000000000000151 .LASF41
     /tmp/ccpgbPZE.s:1764   .debug_str:0000000000000555 .LASF42
     /tmp/ccpgbPZE.s:1658   .debug_str:0000000000000246 .LASF43
     /tmp/ccpgbPZE.s:1704   .debug_str:00000000000003a1 .LASF44
     /tmp/ccpgbPZE.s:1756   .debug_str:0000000000000511 .LASF45
     /tmp/ccpgbPZE.s:1616   .debug_str:0000000000000055 .LASF46
     /tmp/ccpgbPZE.s:1662   .debug_str:000000000000025f .LASF47
     /tmp/ccpgbPZE.s:1666   .debug_str:000000000000027a .LASF48
     /tmp/ccpgbPZE.s:1742   .debug_str:00000000000004a5 .LASF49
     /tmp/ccpgbPZE.s:1612   .debug_str:0000000000000047 .LASF50
     /tmp/ccpgbPZE.s:1768   .debug_str:0000000000000562 .LASF51
     /tmp/ccpgbPZE.s:1762   .debug_str:000000000000054a .LASF52
     /tmp/ccpgbPZE.s:1726   .debug_str:000000000000042b .LASF53
     /tmp/ccpgbPZE.s:1682   .debug_str:00000000000002e1 .LASF54
     /tmp/ccpgbPZE.s:1690   .debug_str:0000000000000322 .LASF55
     /tmp/ccpgbPZE.s:1632   .debug_str:0000000000000181 .LASF56
     /tmp/ccpgbPZE.s:1676   .debug_str:00000000000002bd .LASF57
GAS LISTING /tmp/ccpgbPZE.s 			page 13


     /tmp/ccpgbPZE.s:1696   .debug_str:0000000000000366 .LASF58
     /tmp/ccpgbPZE.s:1672   .debug_str:0000000000000293 .LASF59
     /tmp/ccpgbPZE.s:1740   .debug_str:00000000000004a0 .LASF60
     /tmp/ccpgbPZE.s:1654   .debug_str:000000000000022d .LASF61
     /tmp/ccpgbPZE.s:1670   .debug_str:000000000000028e .LASF62
     /tmp/ccpgbPZE.s:1698   .debug_str:0000000000000370 .LASF63
     /tmp/ccpgbPZE.s:1732   .debug_str:000000000000045c .LASF64
     /tmp/ccpgbPZE.s:1630   .debug_str:0000000000000165 .LASF65
     /tmp/ccpgbPZE.s:1752   .debug_str:00000000000004ef .LASF81
     /tmp/ccpgbPZE.s:1686   .debug_str:00000000000002f3 .LASF82
     /tmp/ccpgbPZE.s:1754   .debug_str:0000000000000504 .LASF69
     /tmp/ccpgbPZE.s:1748   .debug_str:00000000000004cd .LASF71
     /tmp/ccpgbPZE.s:120    .text:0000000000000070 .LFB41
     /tmp/ccpgbPZE.s:259    .text:000000000000012c .LFE41
     /tmp/ccpgbPZE.s:1614   .debug_str:000000000000004d .LASF73
     /tmp/ccpgbPZE.s:1474   .debug_loc:0000000000000000 .LLST4
     /tmp/ccpgbPZE.s:1718   .debug_str:00000000000003fb .LASF66
     /tmp/ccpgbPZE.s:1488   .debug_loc:0000000000000039 .LLST5
     /tmp/ccpgbPZE.s:1684   .debug_str:00000000000002ec .LASF67
     /tmp/ccpgbPZE.s:1495   .debug_loc:000000000000005c .LLST6
     /tmp/ccpgbPZE.s:1517   .debug_loc:00000000000000bb .LLST7
     /tmp/ccpgbPZE.s:137    .text:0000000000000088 .LBB20
     /tmp/ccpgbPZE.s:153    .text:0000000000000094 .LBE20
     /tmp/ccpgbPZE.s:155    .text:0000000000000094 .LBB22
     /tmp/ccpgbPZE.s:167    .text:000000000000009c .LBE22
     /tmp/ccpgbPZE.s:1539   .debug_loc:00000000000000fc .LLST8
     /tmp/ccpgbPZE.s:233    .text:0000000000000110 .LBB24
     /tmp/ccpgbPZE.s:244    .text:0000000000000114 .LBE24
     /tmp/ccpgbPZE.s:1547   .debug_loc:0000000000000120 .LLST9
     /tmp/ccpgbPZE.s:222    .text:0000000000000100 .LVL19
     /tmp/ccpgbPZE.s:1712   .debug_str:00000000000003d4 .LASF68
     /tmp/ccpgbPZE.s:1610   .debug_str:000000000000003b .LASF70
     /tmp/ccpgbPZE.s:1646   .debug_str:00000000000001e1 .LASF72
     /tmp/ccpgbPZE.s:10     .text:0000000000000000 .LFB40
     /tmp/ccpgbPZE.s:114    .text:0000000000000070 .LFE40
     /tmp/ccpgbPZE.s:1678   .debug_str:00000000000002d3 .LASF74
     /tmp/ccpgbPZE.s:1554   .debug_loc:0000000000000143 .LLST0
     /tmp/ccpgbPZE.s:1565   .debug_loc:0000000000000179 .LLST1
     /tmp/ccpgbPZE.s:29     .text:000000000000001c .LBB14
     /tmp/ccpgbPZE.s:46     .text:0000000000000028 .LBE14
     /tmp/ccpgbPZE.s:48     .text:0000000000000028 .LBB16
     /tmp/ccpgbPZE.s:61     .text:0000000000000030 .LBE16
     /tmp/ccpgbPZE.s:1572   .debug_loc:000000000000019c .LLST2
     /tmp/ccpgbPZE.s:87     .text:0000000000000054 .LBB18
     /tmp/ccpgbPZE.s:98     .text:0000000000000058 .LBE18
     /tmp/ccpgbPZE.s:1580   .debug_loc:00000000000001c0 .LLST3
     /tmp/ccpgbPZE.s:71     .text:0000000000000040 .LVL3
     /tmp/ccpgbPZE.s:1766   .debug_str:000000000000055d .LASF75
     /tmp/ccpgbPZE.s:1722   .debug_str:000000000000040e .LASF83
     /tmp/ccpgbPZE.s:123    .text:0000000000000070 .LVL9
     /tmp/ccpgbPZE.s:177    .text:00000000000000a0 .LVL12
     /tmp/ccpgbPZE.s:151    .text:0000000000000094 .LVL10
     /tmp/ccpgbPZE.s:228    .text:0000000000000108 .LVL20
     /tmp/ccpgbPZE.s:181    .text:00000000000000a4 .LVL13
     /tmp/ccpgbPZE.s:188    .text:00000000000000ac .LVL14
     /tmp/ccpgbPZE.s:199    .text:00000000000000d0 .LVL15
     /tmp/ccpgbPZE.s:209    .text:00000000000000e4 .LVL17
GAS LISTING /tmp/ccpgbPZE.s 			page 14


     /tmp/ccpgbPZE.s:214    .text:00000000000000e8 .LVL18
     /tmp/ccpgbPZE.s:205    .text:00000000000000dc .LVL16
     /tmp/ccpgbPZE.s:164    .text:000000000000009c .LVL11
     /tmp/ccpgbPZE.s:232    .text:0000000000000110 .LVL21
     /tmp/ccpgbPZE.s:241    .text:0000000000000114 .LVL22
     /tmp/ccpgbPZE.s:14     .text:0000000000000000 .LVL0
     /tmp/ccpgbPZE.s:57     .text:0000000000000030 .LVL2
     /tmp/ccpgbPZE.s:107    .text:0000000000000064 .LVL8
     /tmp/ccpgbPZE.s:44     .text:0000000000000028 .LVL1
     /tmp/ccpgbPZE.s:82     .text:000000000000004c .LVL5
     /tmp/ccpgbPZE.s:86     .text:0000000000000054 .LVL6
     /tmp/ccpgbPZE.s:95     .text:0000000000000058 .LVL7
     /tmp/ccpgbPZE.s:273    .debug_info:0000000000000000 .Ldebug_info0

UNDEFINED SYMBOLS
__putc
